WARN  [2014-03-13 01:04:20,671] com.yammer.dropwizard.config.ServerFactory: 
!!!!!!!!!!!!!!!!!!!!!!!!!!!!!!!!!!!!!!!!!!!!!!!!!!!!!!!!!!!!!!!!!!!!!!!!!!!!!!!!
!!!!!!!!!!!!!!!!!!!!!!!!!!!!!!!!!!!!!!!!!!!!!!!!!!!!!!!!!!!!!!!!!!!!!!!!!!!!!!!!
!    THIS SERVICE HAS NO HEALTHCHECKS. THIS MEANS YOU WILL NEVER KNOW IF IT    !
!    DIES IN PRODUCTION, WHICH MEANS YOU WILL NEVER KNOW IF YOU'RE LETTING     !
!     YOUR USERS DOWN. YOU SHOULD ADD A HEALTHCHECK FOR EACH DEPENDENCY OF     !
!     YOUR SERVICE WHICH FULLY (BUT LIGHTLY) TESTS YOUR SERVICE'S ABILITY TO   !
!      USE THAT SERVICE. THINK OF IT AS A CONTINUOUS INTEGRATION TEST.         !
!!!!!!!!!!!!!!!!!!!!!!!!!!!!!!!!!!!!!!!!!!!!!!!!!!!!!!!!!!!!!!!!!!!!!!!!!!!!!!!!
!!!!!!!!!!!!!!!!!!!!!!!!!!!!!!!!!!!!!!!!!!!!!!!!!!!!!!!!!!!!!!!!!!!!!!!!!!!!!!!!
INFO  [2014-03-13 01:04:20,846] com.yammer.dropwizard.cli.ServerCommand: Starting helloworld-service
INFO  [2014-03-13 01:04:20,863] org.eclipse.jetty.server.Server: jetty-8.y.z-SNAPSHOT
INFO  [2014-03-13 01:04:21,121] com.sun.jersey.server.impl.application.WebApplicationImpl: Initiating Jersey application, version 'Jersey: 1.17.1 02/28/2013 12:47 PM'
INFO  [2014-03-13 01:04:21,257] com.yammer.dropwizard.config.Environment: The following paths were found for the configured resources:

    GET     /helloworld (edu.sjsu.cmpe.helloworld.api.resources.HelloWorldResource)

INFO  [2014-03-13 01:04:21,261] com.yammer.dropwizard.config.Environment: tasks = 

    POST    /tasks/gc (com.yammer.dropwizard.tasks.GarbageCollectionTask)

INFO  [2014-03-13 01:04:21,878] org.eclipse.jetty.server.AbstractConnector: Started InstrumentedBlockingChannelConnector@0.0.0.0:8080
INFO  [2014-03-13 01:04:21,901] org.eclipse.jetty.server.AbstractConnector: Started SocketConnector@0.0.0.0:8081
WARN  [2014-03-13 01:11:00,038] com.yammer.dropwizard.config.ServerFactory: 
!!!!!!!!!!!!!!!!!!!!!!!!!!!!!!!!!!!!!!!!!!!!!!!!!!!!!!!!!!!!!!!!!!!!!!!!!!!!!!!!
!!!!!!!!!!!!!!!!!!!!!!!!!!!!!!!!!!!!!!!!!!!!!!!!!!!!!!!!!!!!!!!!!!!!!!!!!!!!!!!!
!    THIS SERVICE HAS NO HEALTHCHECKS. THIS MEANS YOU WILL NEVER KNOW IF IT    !
!    DIES IN PRODUCTION, WHICH MEANS YOU WILL NEVER KNOW IF YOU'RE LETTING     !
!     YOUR USERS DOWN. YOU SHOULD ADD A HEALTHCHECK FOR EACH DEPENDENCY OF     !
!     YOUR SERVICE WHICH FULLY (BUT LIGHTLY) TESTS YOUR SERVICE'S ABILITY TO   !
!      USE THAT SERVICE. THINK OF IT AS A CONTINUOUS INTEGRATION TEST.         !
!!!!!!!!!!!!!!!!!!!!!!!!!!!!!!!!!!!!!!!!!!!!!!!!!!!!!!!!!!!!!!!!!!!!!!!!!!!!!!!!
!!!!!!!!!!!!!!!!!!!!!!!!!!!!!!!!!!!!!!!!!!!!!!!!!!!!!!!!!!!!!!!!!!!!!!!!!!!!!!!!
INFO  [2014-03-13 01:11:00,179] com.yammer.dropwizard.cli.ServerCommand: Starting helloworld-service
INFO  [2014-03-13 01:11:00,182] org.eclipse.jetty.server.Server: jetty-8.y.z-SNAPSHOT
INFO  [2014-03-13 01:11:00,444] com.sun.jersey.server.impl.application.WebApplicationImpl: Initiating Jersey application, version 'Jersey: 1.17.1 02/28/2013 12:47 PM'
INFO  [2014-03-13 01:11:00,594] com.yammer.dropwizard.config.Environment: The following paths were found for the configured resources:

    GET     /helloworld (edu.sjsu.cmpe.helloworld.api.resources.HelloWorldResource)

INFO  [2014-03-13 01:11:00,595] com.yammer.dropwizard.config.Environment: tasks = 

    POST    /tasks/gc (com.yammer.dropwizard.tasks.GarbageCollectionTask)

WARN  [2014-03-13 01:11:01,266] org.eclipse.jetty.util.component.AbstractLifeCycle: FAILED InstrumentedBlockingChannelConnector@0.0.0.0:8080: java.net.BindException: Address already in use
! java.net.BindException: Address already in use
! at sun.nio.ch.Net.bind0(Native Method) ~[na:1.8.0]
! at sun.nio.ch.Net.bind(Net.java:414) ~[na:1.8.0]
! at sun.nio.ch.Net.bind(Net.java:406) ~[na:1.8.0]
! at sun.nio.ch.ServerSocketChannelImpl.bind(ServerSocketChannelImpl.java:214) ~[na:1.8.0]
! at sun.nio.ch.ServerSocketAdaptor.bind(ServerSocketAdaptor.java:74) ~[na:1.8.0]
! at org.eclipse.jetty.server.nio.BlockingChannelConnector.open(BlockingChannelConnector.java:127) ~[dropwizard-helloworld-0.0.1-SNAPSHOT.jar:na]
! at org.eclipse.jetty.server.AbstractConnector.doStart(AbstractConnector.java:316) ~[dropwizard-helloworld-0.0.1-SNAPSHOT.jar:na]
! at org.eclipse.jetty.server.nio.BlockingChannelConnector.doStart(BlockingChannelConnector.java:85) ~[dropwizard-helloworld-0.0.1-SNAPSHOT.jar:na]
! at org.eclipse.jetty.util.component.AbstractLifeCycle.start(AbstractLifeCycle.java:64) [dropwizard-helloworld-0.0.1-SNAPSHOT.jar:na]
! at org.eclipse.jetty.server.Server.doStart(Server.java:291) [dropwizard-helloworld-0.0.1-SNAPSHOT.jar:na]
! at org.eclipse.jetty.util.component.AbstractLifeCycle.start(AbstractLifeCycle.java:64) [dropwizard-helloworld-0.0.1-SNAPSHOT.jar:na]
! at com.yammer.dropwizard.cli.ServerCommand.run(ServerCommand.java:48) [dropwizard-helloworld-0.0.1-SNAPSHOT.jar:na]
! at com.yammer.dropwizard.cli.EnvironmentCommand.run(EnvironmentCommand.java:39) [dropwizard-helloworld-0.0.1-SNAPSHOT.jar:na]
! at com.yammer.dropwizard.cli.ConfiguredCommand.run(ConfiguredCommand.java:58) [dropwizard-helloworld-0.0.1-SNAPSHOT.jar:na]
! at com.yammer.dropwizard.cli.Cli.run(Cli.java:53) [dropwizard-helloworld-0.0.1-SNAPSHOT.jar:na]
! at com.yammer.dropwizard.Service.run(Service.java:61) [dropwizard-helloworld-0.0.1-SNAPSHOT.jar:na]
! at edu.sjsu.cmpe.helloworld.HelloWorldService.main(HelloWorldService.java:13) [dropwizard-helloworld-0.0.1-SNAPSHOT.jar:na]
WARN  [2014-03-13 01:11:01,270] org.eclipse.jetty.util.component.AbstractLifeCycle: FAILED SocketConnector@0.0.0.0:8081: java.net.BindException: Address already in use
! java.net.BindException: Address already in use
! at java.net.PlainSocketImpl.socketBind(Native Method) ~[na:1.8.0]
! at java.net.AbstractPlainSocketImpl.bind(AbstractPlainSocketImpl.java:382) ~[na:1.8.0]
! at java.net.ServerSocket.bind(ServerSocket.java:375) ~[na:1.8.0]
! at java.net.ServerSocket.<init>(ServerSocket.java:237) ~[na:1.8.0]
! at java.net.ServerSocket.<init>(ServerSocket.java:181) ~[na:1.8.0]
! at org.eclipse.jetty.server.bio.SocketConnector.newServerSocket(SocketConnector.java:96) ~[dropwizard-helloworld-0.0.1-SNAPSHOT.jar:na]
! at org.eclipse.jetty.server.bio.SocketConnector.open(SocketConnector.java:85) ~[dropwizard-helloworld-0.0.1-SNAPSHOT.jar:na]
! at org.eclipse.jetty.server.AbstractConnector.doStart(AbstractConnector.java:316) ~[dropwizard-helloworld-0.0.1-SNAPSHOT.jar:na]
! at org.eclipse.jetty.server.bio.SocketConnector.doStart(SocketConnector.java:156) ~[dropwizard-helloworld-0.0.1-SNAPSHOT.jar:na]
! at org.eclipse.jetty.util.component.AbstractLifeCycle.start(AbstractLifeCycle.java:64) [dropwizard-helloworld-0.0.1-SNAPSHOT.jar:na]
! at org.eclipse.jetty.server.Server.doStart(Server.java:291) [dropwizard-helloworld-0.0.1-SNAPSHOT.jar:na]
! at org.eclipse.jetty.util.component.AbstractLifeCycle.start(AbstractLifeCycle.java:64) [dropwizard-helloworld-0.0.1-SNAPSHOT.jar:na]
! at com.yammer.dropwizard.cli.ServerCommand.run(ServerCommand.java:48) [dropwizard-helloworld-0.0.1-SNAPSHOT.jar:na]
! at com.yammer.dropwizard.cli.EnvironmentCommand.run(EnvironmentCommand.java:39) [dropwizard-helloworld-0.0.1-SNAPSHOT.jar:na]
! at com.yammer.dropwizard.cli.ConfiguredCommand.run(ConfiguredCommand.java:58) [dropwizard-helloworld-0.0.1-SNAPSHOT.jar:na]
! at com.yammer.dropwizard.cli.Cli.run(Cli.java:53) [dropwizard-helloworld-0.0.1-SNAPSHOT.jar:na]
! at com.yammer.dropwizard.Service.run(Service.java:61) [dropwizard-helloworld-0.0.1-SNAPSHOT.jar:na]
! at edu.sjsu.cmpe.helloworld.HelloWorldService.main(HelloWorldService.java:13) [dropwizard-helloworld-0.0.1-SNAPSHOT.jar:na]
WARN  [2014-03-13 01:11:01,271] org.eclipse.jetty.util.component.AbstractLifeCycle: FAILED org.eclipse.jetty.server.Server@53f0a4cb: MultiException[java.net.BindException: Address already in use, java.net.BindException: Address already in use]
! org.eclipse.jetty.util.MultiException: Multiple exceptions
! at org.eclipse.jetty.server.Server.doStart(Server.java:273) ~[dropwizard-helloworld-0.0.1-SNAPSHOT.jar:na]
! at org.eclipse.jetty.util.component.AbstractLifeCycle.start(AbstractLifeCycle.java:64) ~[dropwizard-helloworld-0.0.1-SNAPSHOT.jar:na]
! at com.yammer.dropwizard.cli.ServerCommand.run(ServerCommand.java:48) [dropwizard-helloworld-0.0.1-SNAPSHOT.jar:na]
! at com.yammer.dropwizard.cli.EnvironmentCommand.run(EnvironmentCommand.java:39) [dropwizard-helloworld-0.0.1-SNAPSHOT.jar:na]
! at com.yammer.dropwizard.cli.ConfiguredCommand.run(ConfiguredCommand.java:58) [dropwizard-helloworld-0.0.1-SNAPSHOT.jar:na]
! at com.yammer.dropwizard.cli.Cli.run(Cli.java:53) [dropwizard-helloworld-0.0.1-SNAPSHOT.jar:na]
! at com.yammer.dropwizard.Service.run(Service.java:61) [dropwizard-helloworld-0.0.1-SNAPSHOT.jar:na]
! at edu.sjsu.cmpe.helloworld.HelloWorldService.main(HelloWorldService.java:13) [dropwizard-helloworld-0.0.1-SNAPSHOT.jar:na]
ERROR [2014-03-13 01:11:01,276] com.yammer.dropwizard.cli.ServerCommand: Unable to start server, shutting down
! org.eclipse.jetty.util.MultiException: Multiple exceptions
! at org.eclipse.jetty.server.Server.doStart(Server.java:273) ~[dropwizard-helloworld-0.0.1-SNAPSHOT.jar:na]
! at org.eclipse.jetty.util.component.AbstractLifeCycle.start(AbstractLifeCycle.java:64) ~[dropwizard-helloworld-0.0.1-SNAPSHOT.jar:na]
! at com.yammer.dropwizard.cli.ServerCommand.run(ServerCommand.java:48) ~[dropwizard-helloworld-0.0.1-SNAPSHOT.jar:na]
! at com.yammer.dropwizard.cli.EnvironmentCommand.run(EnvironmentCommand.java:39) [dropwizard-helloworld-0.0.1-SNAPSHOT.jar:na]
! at com.yammer.dropwizard.cli.ConfiguredCommand.run(ConfiguredCommand.java:58) [dropwizard-helloworld-0.0.1-SNAPSHOT.jar:na]
! at com.yammer.dropwizard.cli.Cli.run(Cli.java:53) [dropwizard-helloworld-0.0.1-SNAPSHOT.jar:na]
! at com.yammer.dropwizard.Service.run(Service.java:61) [dropwizard-helloworld-0.0.1-SNAPSHOT.jar:na]
! at edu.sjsu.cmpe.helloworld.HelloWorldService.main(HelloWorldService.java:13) [dropwizard-helloworld-0.0.1-SNAPSHOT.jar:na]
INFO  [2014-03-13 01:11:01,277] org.eclipse.jetty.server.Server: Graceful shutdown SocketConnector@0.0.0.0:8081
INFO  [2014-03-13 01:11:01,278] org.eclipse.jetty.server.Server: Graceful shutdown InstrumentedBlockingChannelConnector@0.0.0.0:8080
INFO  [2014-03-13 01:11:01,282] org.eclipse.jetty.server.Server: Graceful shutdown o.e.j.s.ServletContextHandler{/,null}
INFO  [2014-03-13 01:11:01,282] org.eclipse.jetty.server.Server: Graceful shutdown o.e.j.s.ServletContextHandler{/,null}
INFO  [2014-03-13 01:11:03,284] org.eclipse.jetty.server.handler.ContextHandler: stopped o.e.j.s.ServletContextHandler{/,null}
INFO  [2014-03-13 01:11:03,285] org.eclipse.jetty.server.handler.ContextHandler: stopped o.e.j.s.ServletContextHandler{/,null}
INFO  [2014-03-13 06:49:27,593] org.eclipse.jetty.server.Server: Graceful shutdown SocketConnector@0.0.0.0:8081
INFO  [2014-03-13 06:49:27,599] org.eclipse.jetty.server.Server: Graceful shutdown InstrumentedBlockingChannelConnector@0.0.0.0:8080
INFO  [2014-03-13 06:49:27,601] org.eclipse.jetty.server.Server: Graceful shutdown o.e.j.s.ServletContextHandler{/,null}
INFO  [2014-03-13 06:49:27,602] org.eclipse.jetty.server.Server: Graceful shutdown o.e.j.s.ServletContextHandler{/,null}
INFO  [2014-03-13 06:49:29,656] org.eclipse.jetty.server.handler.ContextHandler: stopped o.e.j.s.ServletContextHandler{/,null}
INFO  [2014-03-13 06:49:29,657] org.eclipse.jetty.server.handler.ContextHandler: stopped o.e.j.s.ServletContextHandler{/,null}
WARN  [2014-03-13 06:51:26,677] com.yammer.dropwizard.config.ServerFactory: 
!!!!!!!!!!!!!!!!!!!!!!!!!!!!!!!!!!!!!!!!!!!!!!!!!!!!!!!!!!!!!!!!!!!!!!!!!!!!!!!!
!!!!!!!!!!!!!!!!!!!!!!!!!!!!!!!!!!!!!!!!!!!!!!!!!!!!!!!!!!!!!!!!!!!!!!!!!!!!!!!!
!    THIS SERVICE HAS NO HEALTHCHECKS. THIS MEANS YOU WILL NEVER KNOW IF IT    !
!    DIES IN PRODUCTION, WHICH MEANS YOU WILL NEVER KNOW IF YOU'RE LETTING     !
!     YOUR USERS DOWN. YOU SHOULD ADD A HEALTHCHECK FOR EACH DEPENDENCY OF     !
!     YOUR SERVICE WHICH FULLY (BUT LIGHTLY) TESTS YOUR SERVICE'S ABILITY TO   !
!      USE THAT SERVICE. THINK OF IT AS A CONTINUOUS INTEGRATION TEST.         !
!!!!!!!!!!!!!!!!!!!!!!!!!!!!!!!!!!!!!!!!!!!!!!!!!!!!!!!!!!!!!!!!!!!!!!!!!!!!!!!!
!!!!!!!!!!!!!!!!!!!!!!!!!!!!!!!!!!!!!!!!!!!!!!!!!!!!!!!!!!!!!!!!!!!!!!!!!!!!!!!!
INFO  [2014-03-13 06:51:26,822] com.yammer.dropwizard.cli.ServerCommand: Starting helloworld-service
INFO  [2014-03-13 06:51:26,831] org.eclipse.jetty.server.Server: jetty-8.y.z-SNAPSHOT
INFO  [2014-03-13 06:51:27,096] com.sun.jersey.server.impl.application.WebApplicationImpl: Initiating Jersey application, version 'Jersey: 1.17.1 02/28/2013 12:47 PM'
INFO  [2014-03-13 06:51:27,240] com.yammer.dropwizard.config.Environment: The following paths were found for the configured resources:

    GET     /helloworld (edu.sjsu.cmpe.helloworld.api.resources.HelloWorldResource)

INFO  [2014-03-13 06:51:27,241] com.yammer.dropwizard.config.Environment: tasks = 

    POST    /tasks/gc (com.yammer.dropwizard.tasks.GarbageCollectionTask)

INFO  [2014-03-13 06:51:27,898] org.eclipse.jetty.server.AbstractConnector: Started InstrumentedBlockingChannelConnector@0.0.0.0:8080
INFO  [2014-03-13 06:51:27,921] org.eclipse.jetty.server.AbstractConnector: Started SocketConnector@0.0.0.0:8081
INFO  [2014-03-13 06:53:38,475] org.eclipse.jetty.server.Server: Graceful shutdown SocketConnector@0.0.0.0:8081
INFO  [2014-03-13 06:53:38,483] org.eclipse.jetty.server.Server: Graceful shutdown InstrumentedBlockingChannelConnector@0.0.0.0:8080
INFO  [2014-03-13 06:53:38,493] org.eclipse.jetty.server.Server: Graceful shutdown o.e.j.s.ServletContextHandler{/,null}
INFO  [2014-03-13 06:53:38,495] org.eclipse.jetty.server.Server: Graceful shutdown o.e.j.s.ServletContextHandler{/,null}
INFO  [2014-03-13 06:53:40,549] org.eclipse.jetty.server.handler.ContextHandler: stopped o.e.j.s.ServletContextHandler{/,null}
INFO  [2014-03-13 06:53:40,549] org.eclipse.jetty.server.handler.ContextHandler: stopped o.e.j.s.ServletContextHandler{/,null}
WARN  [2014-03-13 06:54:24,434] com.yammer.dropwizard.config.ServerFactory: 
!!!!!!!!!!!!!!!!!!!!!!!!!!!!!!!!!!!!!!!!!!!!!!!!!!!!!!!!!!!!!!!!!!!!!!!!!!!!!!!!
!!!!!!!!!!!!!!!!!!!!!!!!!!!!!!!!!!!!!!!!!!!!!!!!!!!!!!!!!!!!!!!!!!!!!!!!!!!!!!!!
!    THIS SERVICE HAS NO HEALTHCHECKS. THIS MEANS YOU WILL NEVER KNOW IF IT    !
!    DIES IN PRODUCTION, WHICH MEANS YOU WILL NEVER KNOW IF YOU'RE LETTING     !
!     YOUR USERS DOWN. YOU SHOULD ADD A HEALTHCHECK FOR EACH DEPENDENCY OF     !
!     YOUR SERVICE WHICH FULLY (BUT LIGHTLY) TESTS YOUR SERVICE'S ABILITY TO   !
!      USE THAT SERVICE. THINK OF IT AS A CONTINUOUS INTEGRATION TEST.         !
!!!!!!!!!!!!!!!!!!!!!!!!!!!!!!!!!!!!!!!!!!!!!!!!!!!!!!!!!!!!!!!!!!!!!!!!!!!!!!!!
!!!!!!!!!!!!!!!!!!!!!!!!!!!!!!!!!!!!!!!!!!!!!!!!!!!!!!!!!!!!!!!!!!!!!!!!!!!!!!!!
INFO  [2014-03-13 06:54:24,572] com.yammer.dropwizard.cli.ServerCommand: Starting helloworld-service
INFO  [2014-03-13 06:54:24,576] org.eclipse.jetty.server.Server: jetty-8.y.z-SNAPSHOT
INFO  [2014-03-13 06:54:24,847] com.sun.jersey.server.impl.application.WebApplicationImpl: Initiating Jersey application, version 'Jersey: 1.17.1 02/28/2013 12:47 PM'
INFO  [2014-03-13 06:54:24,979] com.yammer.dropwizard.config.Environment: The following paths were found for the configured resources:

    GET     /helloworld (edu.sjsu.cmpe.helloworld.api.resources.HelloWorldResource)

INFO  [2014-03-13 06:54:24,985] com.yammer.dropwizard.config.Environment: tasks = 

    POST    /tasks/gc (com.yammer.dropwizard.tasks.GarbageCollectionTask)

INFO  [2014-03-13 06:54:25,651] org.eclipse.jetty.server.AbstractConnector: Started InstrumentedBlockingChannelConnector@0.0.0.0:8080
INFO  [2014-03-13 06:54:25,669] org.eclipse.jetty.server.AbstractConnector: Started SocketConnector@0.0.0.0:8081
INFO  [2014-03-13 06:55:54,750] org.eclipse.jetty.server.Server: Graceful shutdown SocketConnector@0.0.0.0:8081
INFO  [2014-03-13 06:55:54,759] org.eclipse.jetty.server.Server: Graceful shutdown InstrumentedBlockingChannelConnector@0.0.0.0:8080
INFO  [2014-03-13 06:55:54,769] org.eclipse.jetty.server.Server: Graceful shutdown o.e.j.s.ServletContextHandler{/,null}
INFO  [2014-03-13 06:55:54,771] org.eclipse.jetty.server.Server: Graceful shutdown o.e.j.s.ServletContextHandler{/,null}
INFO  [2014-03-13 06:55:56,824] org.eclipse.jetty.server.handler.ContextHandler: stopped o.e.j.s.ServletContextHandler{/,null}
INFO  [2014-03-13 06:55:56,825] org.eclipse.jetty.server.handler.ContextHandler: stopped o.e.j.s.ServletContextHandler{/,null}
WARN  [2014-03-13 06:56:43,065] com.yammer.dropwizard.config.ServerFactory: 
!!!!!!!!!!!!!!!!!!!!!!!!!!!!!!!!!!!!!!!!!!!!!!!!!!!!!!!!!!!!!!!!!!!!!!!!!!!!!!!!
!!!!!!!!!!!!!!!!!!!!!!!!!!!!!!!!!!!!!!!!!!!!!!!!!!!!!!!!!!!!!!!!!!!!!!!!!!!!!!!!
!    THIS SERVICE HAS NO HEALTHCHECKS. THIS MEANS YOU WILL NEVER KNOW IF IT    !
!    DIES IN PRODUCTION, WHICH MEANS YOU WILL NEVER KNOW IF YOU'RE LETTING     !
!     YOUR USERS DOWN. YOU SHOULD ADD A HEALTHCHECK FOR EACH DEPENDENCY OF     !
!     YOUR SERVICE WHICH FULLY (BUT LIGHTLY) TESTS YOUR SERVICE'S ABILITY TO   !
!      USE THAT SERVICE. THINK OF IT AS A CONTINUOUS INTEGRATION TEST.         !
!!!!!!!!!!!!!!!!!!!!!!!!!!!!!!!!!!!!!!!!!!!!!!!!!!!!!!!!!!!!!!!!!!!!!!!!!!!!!!!!
!!!!!!!!!!!!!!!!!!!!!!!!!!!!!!!!!!!!!!!!!!!!!!!!!!!!!!!!!!!!!!!!!!!!!!!!!!!!!!!!
INFO  [2014-03-13 06:56:43,210] com.yammer.dropwizard.cli.ServerCommand: Starting helloworld-service
INFO  [2014-03-13 06:56:43,213] org.eclipse.jetty.server.Server: jetty-8.y.z-SNAPSHOT
INFO  [2014-03-13 06:56:43,487] com.sun.jersey.server.impl.application.WebApplicationImpl: Initiating Jersey application, version 'Jersey: 1.17.1 02/28/2013 12:47 PM'
INFO  [2014-03-13 06:56:43,635] com.yammer.dropwizard.config.Environment: The following paths were found for the configured resources:

    GET     /helloworld (edu.sjsu.cmpe.helloworld.api.resources.HelloWorldResource)

INFO  [2014-03-13 06:56:43,636] com.yammer.dropwizard.config.Environment: tasks = 

    POST    /tasks/gc (com.yammer.dropwizard.tasks.GarbageCollectionTask)

INFO  [2014-03-13 06:56:44,294] org.eclipse.jetty.server.AbstractConnector: Started InstrumentedBlockingChannelConnector@0.0.0.0:8080
INFO  [2014-03-13 06:56:44,309] org.eclipse.jetty.server.AbstractConnector: Started SocketConnector@0.0.0.0:8081
